classname,faction,subtype,posX,posY,posZ
scene\model\h55_random\random01\random01_prop\rd01_prop_book01.gim,6,Prop,-461.00,-10.00,-8.50
scene\model\h55_random\random01\random01_in\rd01_core_l_01_door01.gim,6,Prop,4230.00,1380.00,63.51
scene\model\h55_random\random01\random01_in\rd01_in_woodplane01.gim,6,Prop,4440.82,379.61,63.51
scene\model\h55_random\random01\random01_in\rd01_in_woodplane01.gim,6,Prop,4385.26,364.02,63.51
scene\model\h55_random\random01\random01_in\random01_in_piano01.gim,6,Prop,3536.45,239.37,67.42
scene\model\h55_random\random01\random01_in\rd01_in_woodplane01.gim,6,Prop,3916.62,497.60,63.51
scene\model\h55_random\random01\random01_in\rd01_in_woodplane01.gim,6,Prop,4622.61,553.65,63.51
scene\model\h55_random\random_start\rd_start_door01.gim,4,Prop,-523.88,-3442.87,-8.48
scene\model\h55_random\random01\random01_out\rd01_outdoor_door05.gim,6,Prop,-471.00,60.20,-3.50
scene\model\h55_random\random01\random01_prop\rd01_prop_door04.gim,6,Prop,4350.00,1200.00,63.50
scene\model\h55_random\random01\random01_prop\rd01_prop_door04.gim,6,Prop,4260.00,150.00,63.50
scene\model\h55_random\random01\random01_prop\rd01_prop_door04.gim,6,Prop,4320.00,870.00,63.50
scene\model\h55_random\random01\random01_prop\rd01_prop_door04.gim,6,Prop,4350.00,300.00,63.50
scene\model\h55_random\random01\random01_prop\rd01_prop_door04.gim,6,Prop,4080.00,150.00,63.50
scene\model\h55_random\random01\random01_prop\rd01_prop_door04.gim,6,Prop,4230.00,960.00,63.50
scene\model\h55_random\random01\random01_prop\rd01_prop_door04.gim,6,Prop,4500.00,750.00,63.50
scene\model\h55_random\random01\random01_prop\rd01_prop_door04.gim,6,Prop,4140.00,450.00,63.50
section\prop\prop_musicbox\prop_musicbox.gim,6,Prop,4227.87,1283.27,90.81
chr\boss\butcher\dm65_butcher_ll\trap.gim,6,Prop,3734.33,209.61,63.31
chr\boss\butcher\dm65_butcher_ll\trap.gim,6,Prop,3769.53,989.36,63.31
scene\model\h55_random\random_start\ab_start_book\book06.gim,3,Unknown,-548.48,-3496.26,20.21
scene\model\h55_random\random_start\ab_start_book\book08.gim,3,Unknown,-546.41,-3493.78,40.84
scene\model\h55_random\random_start\rd_start_book02.gim,4,Prop,-544.85,-3424.22,6.74
scene\model\h55_random\random_start\ab_start_book\book08.gim,3,Unknown,-542.13,-3426.33,19.53
scene\model\h55_random\random_start\ab_start_book\book06.gim,3,Unknown,-535.83,-3444.19,27.02
scene\model\h55_random\random_start\ab_start_book\book07.gim,3,Unknown,-530.97,-3462.34,34.96
scene\model\h55_random\random_start\ab_start_book\book07.gim,3,Unknown,-530.88,-3468.55,40.29
scene\model\h55_random\random_start\ab_start_book\book08.gim,3,Unknown,-515.66,-3500.49,46.52
scene\model\h55_random\random_start\ab_start_book\book08.gim,3,Unknown,-508.32,-3436.36,49.84
scene\model\h55_random\random01\random01_in\rd01_in_pianochair01.gim,6,Prop,3549.68,1158.62,63.47
scene\model\h55_random\random01\random01_in\rd01_in_pianochair01.gim,6,Prop,3869.94,1069.95,63.34
section\monster\monster_miaosha\monster_miaosha_chair.gim,6,Prop,4279.55,1275.29,63.51
scene\model\h55_coa4wardrobe\h55_coa4_curtain01.gim,4,Prop,invalid,invalid,invalid
chr\player\dm65_survivor_m\dm65_survivor_m_bo\dm65_survivor_m_bo.gim,2,Player,3922.34,216.09,72.01
section\monster\monster_daozei\monster_daozei.gim,6,Prop,3852.75,504.68,133.92
section\monster\monster_muchao\monster_muchao.gim,6,Prop,3520.86,188.65,67.14
section\monster\monster_daozei\monster_daozei.gim,6,Prop,3709.74,485.68,64.01
section\monster\monster_daozei\monster_daozei.gim,6,Prop,4181.40,1380.95,63.51
section\monster\monster_tiao\monster_tiao.gim,6,Prop,3719.98,475.98,64.01
section\monster\monster_daozei\monster_daozei.gim,6,Prop,3538.00,1123.03,63.56
section\monster\monster_xiaobai\monster_xiaobai.gim,6,Prop,3583.00,1064.79,63.56
section\monster\monster_tiao\monster_tiao.gim,6,Prop,3562.49,1004.99,64.00
section\prop\mj_yijia\mj_yijia.gim,6,Prop,4231.28,134.95,63.50
scene\model\h55_random\random01\random01_prop\rd01_prop_vase01.gim,6,Prop,4313.73,128.73,63.51
scene\model\h55_random\random01\random01_prop\rd01_prop_vase01.gim,6,Prop,3730.19,328.11,63.51
scene\model\h55_random\random01\random01_prop\rd01_prop_box03.gim,6,Prop,3824.03,447.49,63.51
scene\model\h55_random\random01\random01_prop\rd01_prop_box03.gim,6,Prop,3764.46,451.70,63.51
scene\model\h55_random\random01\random01_prop\rd01_prop_box03.gim,6,Prop,3611.04,155.50,63.51
scene\model\h55_random\random01\random01_prop\rd01_prop_chest01.gim,6,Prop,3700.53,451.76,63.51
section\monster\monster_daozei\monster_daozei.gim,6,Prop,3852.55,507.22,133.92
section\monster\monster_daozei\monster_daozei.gim,6,Prop,3707.31,486.43,64.01
section\monster\monster_daozei\monster_daozei.gim,6,Prop,4180.52,1378.56,63.51
section\monster\monster_daozei\monster_daozei.gim,6,Prop,3538.00,1120.49,63.56
section\monster\monster_tiao\monster_tiao.gim,6,Prop,3561.34,1004.59,64.01
section\monster\monster_daozei\monster_daozei.gim,6,Prop,3852.35,509.70,133.92
section\monster\monster_daozei\monster_daozei.gim,6,Prop,4179.66,1376.22,63.51
section\monster\monster_daozei\monster_daozei.gim,6,Prop,3538.00,1117.99,63.56
section\monster\monster_daozei\monster_daozei.gim,6,Prop,3704.93,487.16,64.01
section\monster\monster_tiao\monster_tiao.gim,6,Prop,3560.22,1004.18,64.01
section\monster\monster_daozei\monster_daozei.gim,6,Prop,3852.15,512.16,133.92
section\monster\monster_daozei\monster_daozei.gim,6,Prop,4178.81,1373.91,63.51
section\monster\monster_daozei\monster_daozei.gim,6,Prop,3538.00,1115.53,63.56
section\monster\monster_daozei\monster_daozei.gim,6,Prop,3706.92,488.61,64.01
section\monster\monster_tiao\monster_tiao.gim,6,Prop,3559.10,1003.79,64.01
section\monster\monster_daozei\monster_daozei.gim,6,Prop,3851.26,514.74,133.92
section\monster\monster_daozei\monster_daozei.gim,6,Prop,3708.92,490.07,64.01
section\monster\monster_daozei\monster_daozei.gim,6,Prop,4177.95,1371.59,63.51
section\monster\monster_daozei\monster_daozei.gim,6,Prop,3538.00,1113.05,63.56
section\monster\monster_tiao\monster_tiao.gim,6,Prop,3557.98,1003.39,64.01
section\monster\monster_daozei\monster_daozei.gim,6,Prop,3849.45,516.55,133.92
section\monster\monster_daozei\monster_daozei.gim,6,Prop,3710.99,491.58,64.01
section\monster\monster_daozei\monster_daozei.gim,6,Prop,4177.07,1369.19,63.51
section\monster\monster_daozei\monster_daozei.gim,6,Prop,3538.00,1110.49,63.56
section\monster\monster_tiao\monster_tiao.gim,6,Prop,3556.83,1002.98,64.01
