classname,faction,subtype,posX,posY,posZ
scene\model\h55_random\random01\random01_prop\rd01_prop_book01.gim,6,Prop,-461.00,-10.00,-8.50
scene\model\h55_random\random01\random01_in\rd01_core_l_01_door01.gim,6,Prop,4230.00,1380.00,63.51
chr\player\dm65_survivor_m\dm65_survivor_m_bo\dm65_survivor_m_bo.gim,2,Player,4223.08,230.83,2.00
scene\model\h55_random\random01\random01_in\rd01_in_woodplane01.gim,6,Prop,3854.31,437.79,-6.50
scene\model\h55_random\random01\random01_in\rd01_in_woodplane01.gim,6,Prop,4122.40,856.62,-6.50
scene\model\h55_random\random01\random01_in\rd01_in_woodplane01.gim,6,Prop,4223.55,828.24,-6.50
scene\model\h55_random\random01\random01_in\rd01_in_woodplane01.gim,6,Prop,4622.61,493.65,-6.50
scene\model\h55_random\random_start\rd_start_door01.gim,4,Prop,-523.88,-3442.87,-8.48
scene\model\h55_random\random01\random01_out\rd01_outdoor_door05.gim,6,Prop,-471.00,60.20,-3.50
scene\model\h55_random\random01\random01_prop\rd01_prop_door04.gim,6,Prop,4410.00,480.00,-6.50
scene\model\h55_random\random01\random01_prop\rd01_prop_door04.gim,6,Prop,4290.00,1200.00,-6.50
scene\model\h55_random\random01\random01_prop\rd01_prop_door04.gim,6,Prop,3900.00,630.00,-6.50
scene\model\h55_random\random01\random01_prop\rd01_prop_door04.gim,6,Prop,4590.00,420.00,-6.50
scene\model\h55_random\random01\random01_prop\rd01_prop_door04.gim,6,Prop,3960.00,1350.00,-6.50
scene\model\h55_random\random01\random01_prop\rd01_prop_door04.gim,6,Prop,3630.00,780.00,-6.50
scene\model\h55_random\random01\random01_prop\rd01_prop_door04.gim,6,Prop,4380.00,1530.00,-6.50
scene\model\h55_random\random01\random01_prop\rd01_prop_door04.gim,6,Prop,4650.00,360.00,-6.50
section\prop\prop_musicbox\prop_musicbox.gim,6,Prop,4763.27,1292.13,20.80
scene\model\h55_random\random01\random01_in\rd01_core_l_01_door01.gim,6,Prop,4860.00,1290.00,-6.50
scene\model\h55_random\random01\random01_prop\rd01_prop_dici02a.gim,6,Prop,invalid,invalid,invalid
scene\model\h55_random\random01\random01_prop\rd01_prop_dici02.gim,6,Prop,3631.74,573.61,-6.70
scene\model\h55_random\random01\random01_prop\rd01_prop_dici02.gim,6,Prop,4110.15,1530.89,-6.50
scene\model\h55_random\random01\random01_prop\rd01_prop_dici02.gim,6,Prop,4651.45,989.11,-6.50
scene\model\h55_random\random01\random01_prop\rd01_prop_dici02.gim,6,Prop,4707.16,391.74,-6.50
chr\boss\butcher\dm65_butcher_ll\trap.gim,6,Prop,4050.01,930.08,-6.50
scene\model\h55_random\random_start\ab_start_book\book06.gim,3,Unknown,-548.48,-3496.26,20.21
scene\model\h55_random\random_start\ab_start_book\book08.gim,3,Unknown,-546.41,-3493.78,40.84
scene\model\h55_random\random_start\rd_start_book02.gim,4,Prop,-544.85,-3424.22,6.74
scene\model\h55_random\random_start\ab_start_book\book08.gim,3,Unknown,-542.13,-3426.33,19.53
scene\model\h55_random\random_start\ab_start_book\book06.gim,3,Unknown,-535.83,-3444.19,27.02
scene\model\h55_random\random_start\ab_start_book\book07.gim,3,Unknown,-530.97,-3462.34,34.96
scene\model\h55_random\random_start\ab_start_book\book07.gim,3,Unknown,-530.88,-3468.55,40.29
scene\model\h55_random\random_start\ab_start_book\book08.gim,3,Unknown,-515.66,-3500.49,46.52
scene\model\h55_random\random_start\ab_start_book\book08.gim,3,Unknown,-508.32,-3436.36,49.84
section\monster\monster_miaosha\monster_miaosha_chair.gim,6,Prop,3543.69,493.00,-6.50
scene\model\h55_random\random01\random01_in\rd01_in_pianochair01.gim,6,Prop,3949.95,810.06,-6.67
scene\model\h55_random\random01\random01_in\rd01_in_pianochair01.gim,6,Prop,4361.38,369.68,-6.54
scene\model\h55_random\random01\random01_in\rd01_in_pianochair01.gim,6,Prop,4301.38,1029.68,-6.54
section\monster\monster_miaosha\monster_miaosha_chair.gim,6,Prop,4755.29,1240.45,-6.50
scene\model\h55_coa4wardrobe\h55_coa4_curtain01.gim,4,Prop,invalid,invalid,invalid
section\monster\monster_daozei\monster_daozei.gim,6,Prop,3931.57,754.48,-6.00
section\monster\monster_muchao\monster_muchao.gim,6,Prop,3588.15,559.61,63.57
section\monster\monster_daozei\monster_daozei.gim,6,Prop,3398.37,617.98,-5.98
section\monster\monster_daozei\monster_daozei.gim,6,Prop,4268.51,935.19,-6.09
section\monster\monster_tiao\monster_tiao.gim,6,Prop,3330.00,687.62,-5.98
section\monster\monster_miaosha\monster_miaosha.gim,6,Prop,4755.36,1241.04,-6.47
section\monster\monster_miaosha\monster_miaosha_bs.gim,6,Prop,invalid,invalid,invalid
section\monster\monster_daozei\monster_daozei.gim,6,Prop,4757.83,1258.17,-6.47
section\monster\monster_daozei\monster_daozei.gim,6,Prop,4735.65,1269.05,-6.47
section\monster\monster_daozei\monster_daozei.gim,6,Prop,4487.07,1290.00,-6.00
section\monster\monster_tiao\monster_tiao.gim,6,Prop,3630.00,1130.39,-6.00
section\monster\monster_tiao\monster_tiao.gim,6,Prop,4345.86,1022.00,-6.45
scene\model\h55_random\random01\random01_prop\rd01_prop_vase01.gim,6,Prop,4398.52,189.69,-6.50
section\prop\mj_yijia\mj_yijia.gim,6,Prop,4225.59,231.17,4.17
section\monster\monster_daozei\monster_daozei.gim,6,Prop,3931.51,751.95,-6.00
section\monster\monster_daozei\monster_daozei.gim,6,Prop,3400.83,618.55,-5.98
section\monster\monster_daozei\monster_daozei.gim,6,Prop,4266.06,935.78,-6.09
section\monster\monster_daozei\monster_daozei.gim,6,Prop,4489.60,1290.00,-6.00
section\prop\mj_yijia\mj_yijia.gim,6,Prop,4225.58,231.17,4.17
section\prop\mj_yijia\mj_yijia.gim,6,Prop,4225.58,231.16,4.19
section\monster\monster_daozei\monster_daozei.gim,6,Prop,3931.45,749.50,-6.00
section\monster\monster_daozei\monster_daozei.gim,6,Prop,3403.23,619.11,-5.98
section\monster\monster_daozei\monster_daozei.gim,6,Prop,4263.66,936.36,-6.09
section\monster\monster_daozei\monster_daozei.gim,6,Prop,4492.06,1290.00,-6.00
section\prop\mj_yijia\mj_yijia.gim,6,Prop,4225.58,231.16,4.21
section\prop\mj_yijia\mj_yijia.gim,6,Prop,4225.58,231.16,4.23
section\monster\monster_daozei\monster_daozei.gim,6,Prop,3931.39,747.00,-6.00
section\monster\monster_daozei\monster_daozei.gim,6,Prop,3405.66,619.67,-5.98
section\monster\monster_daozei\monster_daozei.gim,6,Prop,4261.23,936.94,-6.09
section\monster\monster_daozei\monster_daozei.gim,6,Prop,4494.56,1290.00,-6.00
section\prop\mj_yijia\mj_yijia.gim,6,Prop,4225.58,231.16,4.24
section\prop\mj_yijia\mj_yijia.gim,6,Prop,4225.57,231.16,4.26
section\monster\monster_daozei\monster_daozei.gim,6,Prop,3931.33,744.48,-6.00
section\monster\monster_daozei\monster_daozei.gim,6,Prop,3408.11,620.24,-5.98
section\monster\monster_daozei\monster_daozei.gim,6,Prop,4258.79,937.53,-6.09
section\monster\monster_daozei\monster_daozei.gim,6,Prop,4497.07,1290.00,-6.00
section\prop\mj_yijia\mj_yijia.gim,6,Prop,4225.56,231.17,4.30
section\monster\monster_daozei\monster_daozei.gim,6,Prop,3931.27,741.98,-6.00
section\monster\monster_daozei\monster_daozei.gim,6,Prop,3410.55,620.81,-5.98
section\prop\mj_yijia\mj_yijia.gim,6,Prop,4225.56,231.18,4.32
section\monster\monster_daozei\monster_daozei.gim,6,Prop,4256.36,938.12,-6.09
section\monster\monster_daozei\monster_daozei.gim,6,Prop,4499.57,1290.00,-6.00
section\prop\mj_yijia\mj_yijia.gim,6,Prop,4225.56,231.16,4.34
section\monster\monster_daozei\monster_daozei.gim,6,Prop,3931.21,739.51,-6.00
section\monster\monster_daozei\monster_daozei.gim,6,Prop,3412.96,621.37,-5.98
section\monster\monster_daozei\monster_daozei.gim,6,Prop,4253.95,938.70,-6.09
section\monster\monster_tiao\monster_tiao.gim,6,Prop,3330.00,686.43,-5.98
section\monster\monster_daozei\monster_daozei.gim,6,Prop,4502.05,1290.00,-6.00
section\prop\mj_yijia\mj_yijia.gim,6,Prop,4225.55,231.16,4.35
section\prop\mj_yijia\mj_yijia.gim,6,Prop,4225.56,231.17,4.38
section\monster\monster_daozei\monster_daozei.gim,6,Prop,3931.15,737.01,-6.00
section\monster\monster_daozei\monster_daozei.gim,6,Prop,3415.39,621.94,-5.98
section\monster\monster_daozei\monster_daozei.gim,6,Prop,4251.53,939.29,-6.09
section\monster\monster_tiao\monster_tiao.gim,6,Prop,3330.00,685.24,-5.98
section\monster\monster_daozei\monster_daozei.gim,6,Prop,4504.54,1290.00,-6.00
section\prop\mj_yijia\mj_yijia.gim,6,Prop,4225.56,231.18,4.41
section\prop\mj_yijia\mj_yijia.gim,6,Prop,4225.57,231.18,4.42
