classname,faction,subtype,posX,posY,posZ
scene\model\h55_random\random01\random01_prop\rd01_prop_book01.gim,6,Prop,-461.00,-10.00,-8.50
scene\model\h55_random\random01\random01_in\rd01_core_l_01_door01.gim,6,Prop,4200.00,1710.00,133.52
section\monster\monster_miaosha\monster_miaosha_bs.gim,6,Prop,4145.38,1203.19,203.74
chr\player\dm65_survivor_m\dm65_survivor_m_bo\dm65_survivor_m_bo.gim,2,Player,3923.04,466.65,142.02
scene\model\h55_random\random01\random01_in\rd01_in_woodplane01.gim,3,Pallet,4145.26,604.02,142.02
scene\model\h55_random\random01\random01_in\rd01_in_woodplane01.gim,3,Pallet,4557.65,637.66,212.03
scene\model\h55_random\random01\random01_in\rd01_in_woodplane01.gim,3,Pallet,4500.98,638.23,212.03
scene\model\h55_random\random01\random01_in\random01_in_piano01.gim,6,Prop,4923.55,1140.64,137.43
scene\model\h55_random\random01\random01_in\rd01_in_woodplane01.gim,3,Pallet,3983.63,345.28,212.03
scene\model\h55_random\random01\random01_in\rd01_in_woodplane01.gim,3,Pallet,3523.38,1002.40,142.02
scene\model\h55_random\random01\random01_in\rd01_in_woodplane01.gim,3,Pallet,3551.76,1103.55,142.02
scene\model\h55_random\random01\random01_in\rd01_in_woodplane01.gim,3,Pallet,3623.11,1359.87,212.03
scene\model\h55_random\random01\random01_in\rd01_in_woodplane01.gim,3,Pallet,3830.47,1353.94,142.02
scene\model\h55_random\random01\random01_in\rd01_in_woodplane01.gim,3,Pallet,4537.20,1544.47,142.02
scene\model\h55_random\random01\random01_in\rd01_in_woodplane01.gim,3,Pallet,4597.59,1631.04,142.02
scene\model\h55_random\random_start\rd_start_door01.gim,4,Prop,-523.88,-3442.87,-8.48
scene\model\h55_random\random01\random01_out\rd01_outdoor_door05.gim,6,Prop,-471.00,60.20,-3.50
scene\model\h55_random\random01\random01_prop\rd01_prop_door04.gim,6,Prop,3420.00,1170.00,203.50
scene\model\h55_random\random01\random01_prop\rd01_prop_door04.gim,6,Prop,4020.00,1650.00,203.50
scene\model\h55_random\random01\random01_prop\rd01_prop_door04.gim,6,Prop,4320.00,510.00,133.50
scene\model\h55_random\random01\random01_prop\rd01_prop_door04.gim,6,Prop,3270.00,1500.00,203.50
scene\model\h55_random\random01\random01_prop\rd01_prop_door04.gim,6,Prop,4260.00,390.00,203.50
scene\model\h55_random\random01\random01_prop\rd01_prop_door04.gim,6,Prop,3540.00,750.00,133.50
scene\model\h55_random\random01\random01_prop\rd01_prop_door04.gim,6,Prop,4740.00,930.00,133.50
scene\model\h55_random\random01\random01_prop\rd01_prop_door04.gim,6,Prop,4260.00,870.00,203.50
scene\model\h55_random\random01\random01_prop\rd01_prop_door04.gim,6,Prop,4320.00,1650.00,203.50
scene\model\h55_random\random01\random01_prop\rd01_prop_door04.gim,6,Prop,4260.00,990.00,133.50
scene\model\h55_random\random01\random01_prop\rd01_prop_door04.gim,6,Prop,4380.00,1410.00,133.50
scene\model\h55_random\random01\random01_prop\rd01_prop_door04.gim,6,Prop,4020.00,510.00,133.50
scene\model\h55_random\random01\random01_prop\rd01_prop_door04.gim,6,Prop,4200.00,1170.00,203.50
scene\model\h55_random\random01\random01_prop\rd01_prop_door04.gim,6,Prop,3900.00,330.00,203.50
scene\model\h55_random\random01\random01_prop\rd01_prop_door04.gim,6,Prop,4290.00,1200.00,203.50
scene\model\h55_random\random01\random01_prop\rd01_prop_door04.gim,6,Prop,4500.00,390.00,203.50
scene\model\h55_random\random01\random01_prop\rd01_prop_door04.gim,6,Prop,4110.00,1080.00,203.50
scene\model\h55_random\random01\random01_prop\rd01_prop_door04.gim,6,Prop,4320.00,1350.00,203.50
scene\model\h55_random\random01\random01_prop\rd01_prop_door04.gim,6,Prop,5010.00,720.00,133.50
scene\model\h55_random\random01\random01_prop\rd01_prop_door04.gim,6,Prop,4290.00,1080.00,133.50
scene\model\h55_random\random01\random01_prop\rd01_prop_door04.gim,6,Prop,3750.00,1260.00,203.50
scene\model\h55_random\random01\random01_prop\rd01_prop_door04.gim,6,Prop,3270.00,1200.00,203.50
scene\model\h55_random\random01\random01_prop\rd01_prop_door04.gim,6,Prop,3720.00,930.00,203.50
scene\model\h55_random\random01\random01_prop\rd01_prop_door04.gim,6,Prop,5070.00,660.00,133.50
scene\model\h55_random\random01\random01_prop\rd01_prop_door04.gim,6,Prop,4680.00,390.00,203.50
scene\model\h55_random\random01\random01_prop\rd01_prop_door04.gim,6,Prop,4830.00,540.00,203.50
scene\model\h55_random\random01\random01_prop\rd01_prop_door04.gim,6,Prop,4380.00,1650.00,133.50
scene\model\h55_random\random01\random01_prop\rd01_prop_door04.gim,6,Prop,4590.00,960.00,133.50
scene\model\h55_random\random01\random01_prop\rd01_prop_door04.gim,6,Prop,4200.00,510.00,203.50
scene\model\h55_random\random01\random01_prop\rd01_prop_door04.gim,6,Prop,3810.00,1500.00,203.50
scene\model\h55_random\random01\random01_prop\rd01_prop_door04.gim,6,Prop,4170.00,1260.00,133.50
section\prop\prop_musicbox\prop_musicbox.gim,6,Prop,3683.27,752.13,160.82
scene\model\h55_random\random01\random01_in\rd01_core_l_01_door01.gim,6,Prop,3780.00,750.00,133.52
scene\model\h55_random\random01\random01_prop\rd01_prop_dici02a.gim,6,Prop,invalid,invalid,invalid
scene\model\h55_random\random01\random01_prop\rd01_prop_dici02.gim,6,Prop,4526.39,511.74,133.32
chr\boss\butcher\dm65_butcher_ll\trap.gim,6,Prop,4408.65,719.98,133.32
chr\boss\butcher\dm65_butcher_ll\trap.gim,6,Prop,3809.17,1606.26,203.53
scene\model\h55_random\random01\random01_prop\rd01_prop_dici02.gim,6,Prop,3748.26,1227.16,203.53
scene\model\h55_random\random01\random01_prop\rd01_prop_dici02.gim,6,Prop,3991.74,1532.27,203.53
scene\model\h55_random\random01\random01_prop\rd01_prop_dici02.gim,6,Prop,4291.74,1352.27,203.53
scene\model\h55_random\random01\random01_prop\rd01_prop_dici02.gim,6,Prop,4588.26,927.16,133.52
chr\boss\butcher\dm65_butcher_ll\trap.gim,6,Prop,4170.64,529.53,203.33
chr\boss\butcher\dm65_butcher_ll\trap.gim,6,Prop,4289.36,970.47,133.32
chr\boss\butcher\dm65_butcher_ll\trap.gim,6,Prop,4609.53,389.36,203.33
chr\boss\butcher\dm65_butcher_ll\trap.gim,6,Prop,4350.01,1530.08,203.53
chr\boss\butcher\dm65_butcher_ll\trap.gim,6,Prop,3522.41,750.31,133.32
scene\model\h55_random\random_start\ab_start_book\book06.gim,3,Unknown,-548.48,-3496.26,20.21
scene\model\h55_random\random_start\ab_start_book\book08.gim,3,Unknown,-546.41,-3493.78,40.84
scene\model\h55_random\random_start\rd_start_book02.gim,4,Prop,-544.85,-3424.22,6.74
scene\model\h55_random\random_start\ab_start_book\book08.gim,3,Unknown,-542.13,-3426.33,19.53
scene\model\h55_random\random_start\ab_start_book\book06.gim,3,Unknown,-535.83,-3444.19,27.02
scene\model\h55_random\random_start\ab_start_book\book07.gim,3,Unknown,-530.97,-3462.34,34.96
scene\model\h55_random\random_start\ab_start_book\book07.gim,3,Unknown,-530.88,-3468.55,40.29
scene\model\h55_random\random_start\ab_start_book\book08.gim,3,Unknown,-515.66,-3500.49,46.52
scene\model\h55_random\random_start\ab_start_book\book08.gim,3,Unknown,-508.32,-3436.36,49.84
scene\model\h55_random\random01\random01_in\rd01_in_pianochair01.gim,6,Prop,3223.70,879.68,203.73
section\monster\monster_miaosha\monster_miaosha_chair.gim,6,Prop,3247.97,720.31,203.53
section\monster\monster_miaosha\monster_miaosha_chair.gim,6,Prop,3499.79,615.19,203.47
scene\model\h55_random\random01\random01_in\rd01_in_chair03.gim,6,Prop,3565.49,589.55,133.52
scene\model\h55_random\random01\random01_in\rd01_in_pianochair01.gim,6,Prop,3798.62,470.32,203.49
section\monster\monster_miaosha\monster_miaosha_chair.gim,6,Prop,3675.29,700.45,133.52
section\monster\monster_miaosha\monster_miaosha_chair.gim,6,Prop,4194.92,786.40,203.53
scene\model\h55_random\random01\random01_in\rd01_in_pianochair01.gim,6,Prop,3561.89,1469.40,203.53
section\monster\monster_miaosha\monster_miaosha_chair.gim,6,Prop,3718.29,1332.66,203.56
scene\model\h55_random\random01\random01_in\rd01_in_pianochair01.gim,6,Prop,4149.68,1038.62,133.48
scene\model\h55_random\random01\random01_in\rd01_in_pianochair01.gim,6,Prop,4218.49,1069.40,203.36
scene\model\h55_random\random01\random01_in\rd01_in_pianochair01.gim,6,Prop,4512.99,700.62,203.36
scene\model\h55_random\random01\random01_in\rd01_in_pianochair01.gim,6,Prop,4473.43,703.85,203.36
scene\model\h55_random\random01\random01_in\rd01_in_pianochair01.gim,6,Prop,4460.32,643.70,133.72
section\monster\monster_miaosha\monster_miaosha_chair.gim,6,Prop,4619.69,667.97,133.52
scene\model\h55_random\random01\random01_in\rd01_in_pianochair01.gim,6,Prop,4510.05,989.94,133.35
scene\model\h55_random\random01\random01_in\rd01_in_chair03.gim,6,Prop,4863.61,893.30,203.46
scene\model\h55_random\random01\random01_in\rd01_in_chair03.gim,6,Prop,4863.61,871.48,203.50
section\monster\monster_miaosha\monster_miaosha_chair.gim,6,Prop,4626.59,1429.22,133.52
scene\model\h55_coa4wardrobe\h55_coa4_curtain01.gim,4,Prop,invalid,invalid,invalid
section\monster\monster_qiqiu\monster_qiqiu_blue.gim,6,Prop,4473.26,763.35,133.52
section\monster\monster_daozei\monster_daozei.gim,6,Prop,4513.47,631.41,134.02
section\monster\monster_daozei\monster_daozei.gim,6,Prop,3858.00,1040.00,134.02
section\monster\monster_daozei\monster_daozei.gim,6,Prop,3933.62,476.93,133.52
section\monster\monster_tiao\monster_tiao.gim,6,Prop,4234.59,609.12,134.02
section\monster\monster_tiao\monster_tiao.gim,6,Prop,4573.36,807.62,134.00
section\monster\monster_yuan\monster_yuan_liantiao.gim,6,Prop,4658.73,1453.45,133.52
section\monster\monster_yuan\monster_yuan01.gim,6,Prop,4658.73,1453.45,133.52
section\monster\monster_qiqiu\monster_qiqiu_red.gim,6,Prop,4604.73,1054.25,203.51
section\monster\monster_muchao\monster_muchao.gim,6,Prop,4760.71,876.68,133.55
section\monster\monster_muchao\monster_muchao.gim,6,Prop,3554.69,1336.25,203.53
section\monster\monster_tiao\monster_tiao.gim,6,Prop,4261.79,1590.10,134.00
section\monster\monster_xiaobai\monster_xiaobai.gim,6,Prop,4829.98,932.22,204.02
section\monster\monster_tiao\monster_tiao.gim,6,Prop,4590.00,1380.00,134.00
section\monster\monster_yuan\monster_yuan.gim,6,Prop,3506.55,1068.00,203.93
section\monster\monster_yuan\monster_yuan_liantiao.gim,6,Prop,3570.00,980.00,203.89
section\monster\monster_tiao\monster_tiao.gim,6,Prop,4273.04,1519.63,203.99
section\monster\monster_xiaobai\monster_xiaobai.gim,6,Prop,4570.72,1608.06,133.91
section\monster\monster_tiao\monster_tiao.gim,6,Prop,4243.03,1350.00,133.64
section\monster\monster_tiao\monster_tiao_01.gim,6,Prop,4050.00,1636.34,133.52
section\monster\monster_tiao\monster_tiao_01.gim,6,Prop,4980.27,509.95,134.00
section\monster\monster_tiao\monster_tiao.gim,6,Prop,4290.00,1706.85,203.99
section\monster\monster_qiqiu\monster_qiqiu_red.gim,6,Prop,3656.36,743.52,133.49
section\monster\monster_muchao\monster_muchao.gim,6,Prop,3379.81,677.21,133.52
section\monster\monster_muchao\monster_muchao.gim,6,Prop,3194.08,865.26,203.54
section\monster\monster_daozei\monster_daozei.gim,6,Prop,4294.36,1094.58,204.03
section\monster\monster_tiao\monster_tiao_01.gim,6,Prop,3590.17,740.79,133.52
section\monster\monster_daozei\monster_daozei.gim,6,Prop,3760.84,372.01,204.08
section\monster\monster_daozei\monster_daozei.gim,6,Prop,4494.33,388.79,204.00
section\monster\monster_daozei\monster_daozei.gim,6,Prop,3692.59,448.43,203.91
section\monster\monster_tiao\monster_tiao_01.gim,6,Prop,4052.38,390.00,203.72
section\monster\monster_tiao\monster_tiao_01.gim,6,Prop,3712.00,435.32,203.58
section\monster\monster_daozei\monster_daozei.gim,6,Prop,4511.02,631.34,134.02
section\monster\monster_daozei\monster_daozei.gim,6,Prop,3934.18,477.12,133.52
section\monster\monster_tiao\monster_tiao.gim,6,Prop,4234.32,610.27,134.02
section\monster\monster_tiao\monster_tiao.gim,6,Prop,4241.86,1350.00,133.64
section\monster\monster_tiao\monster_tiao_01.gim,6,Prop,4050.00,1637.52,133.52
section\monster\monster_tiao\monster_tiao_01.gim,6,Prop,3589.03,741.06,133.52
section\monster\monster_daozei\monster_daozei.gim,6,Prop,3760.13,371.89,204.08
section\monster\monster_daozei\monster_daozei.gim,6,Prop,3692.63,447.18,203.91
section\monster\monster_tiao\monster_tiao_01.gim,6,Prop,3712.00,435.91,203.58
section\monster\monster_daozei\monster_daozei.gim,6,Prop,3934.37,477.24,133.52
section\monster\monster_tiao\monster_tiao.gim,6,Prop,4240.60,1350.00,133.64
section\monster\monster_daozei\monster_daozei.gim,6,Prop,4295.04,1092.23,204.03
section\monster\monster_daozei\monster_daozei.gim,6,Prop,3759.21,372.09,204.08
section\monster\monster_daozei\monster_daozei.gim,6,Prop,4492.81,386.86,204.00
section\monster\monster_daozei\monster_daozei.gim,6,Prop,3692.69,445.50,203.91
section\monster\monster_tiao\monster_tiao_01.gim,6,Prop,3712.00,436.72,203.58
section\monster\monster_daozei\monster_daozei.gim,6,Prop,3934.34,477.28,133.52
section\monster\monster_tiao\monster_tiao.gim,6,Prop,4234.04,611.49,134.02
section\monster\monster_tiao\monster_tiao_01.gim,6,Prop,4050.00,1638.77,133.52
section\monster\monster_daozei\monster_daozei.gim,6,Prop,3759.84,372.55,204.08
section\monster\monster_daozei\monster_daozei.gim,6,Prop,4491.20,384.80,204.00
section\monster\monster_daozei\monster_daozei.gim,6,Prop,3692.71,444.68,203.91
section\monster\monster_tiao\monster_tiao_01.gim,6,Prop,3712.00,437.12,203.58
section\monster\monster_daozei\monster_daozei.gim,6,Prop,4508.40,631.26,134.02
section\monster\monster_daozei\monster_daozei.gim,6,Prop,3934.22,477.30,133.52
section\monster\monster_tiao\monster_tiao_01.gim,6,Prop,4050.00,1639.92,133.52
section\monster\monster_daozei\monster_daozei.gim,6,Prop,4295.76,1089.71,204.03
section\monster\monster_tiao\monster_tiao_01.gim,6,Prop,3587.81,741.36,133.52
section\monster\monster_daozei\monster_daozei.gim,6,Prop,3761.82,373.72,204.08
section\monster\monster_daozei\monster_daozei.gim,6,Prop,3692.77,443.00,203.91
section\monster\monster_tiao\monster_tiao_01.gim,6,Prop,3712.00,437.92,203.58
section\monster\monster_daozei\monster_daozei.gim,6,Prop,4506.00,631.19,134.02
section\monster\monster_daozei\monster_daozei.gim,6,Prop,3934.08,477.27,133.52
section\monster\monster_tiao\monster_tiao.gim,6,Prop,4233.78,612.61,134.02
section\monster\monster_tiao\monster_tiao.gim,6,Prop,4239.45,1350.00,133.64
section\monster\monster_daozei\monster_daozei.gim,6,Prop,4296.42,1087.41,204.03
section\monster\monster_tiao\monster_tiao_01.gim,6,Prop,3586.69,741.63,133.52
section\monster\monster_daozei\monster_daozei.gim,6,Prop,3762.83,374.44,204.08
section\monster\monster_daozei\monster_daozei.gim,6,Prop,4489.72,382.91,204.00
section\monster\monster_daozei\monster_daozei.gim,6,Prop,3692.81,441.76,203.91
section\monster\monster_tiao\monster_tiao_01.gim,6,Prop,3712.00,438.52,203.58
section\monster\monster_daozei\monster_daozei.gim,6,Prop,3933.94,477.16,133.52
section\monster\monster_tiao\monster_tiao.gim,6,Prop,4233.50,613.81,134.02
section\monster\monster_tiao\monster_tiao.gim,6,Prop,4238.22,1350.00,133.64
section\monster\monster_daozei\monster_daozei.gim,6,Prop,3763.85,375.17,204.08
section\monster\monster_daozei\monster_daozei.gim,6,Prop,4487.16,382.91,204.00
section\monster\monster_daozei\monster_daozei.gim,6,Prop,3692.85,440.78,203.90
section\monster\monster_tiao\monster_tiao_01.gim,6,Prop,3712.00,439.12,203.58
section\monster\monster_daozei\monster_daozei.gim,6,Prop,4503.45,631.11,134.02
section\monster\monster_daozei\monster_daozei.gim,6,Prop,3933.80,476.98,133.52
section\monster\monster_tiao\monster_tiao_01.gim,6,Prop,4050.00,1641.15,133.52
section\monster\monster_daozei\monster_daozei.gim,6,Prop,4297.13,1084.95,204.03
section\monster\monster_tiao\monster_tiao_01.gim,6,Prop,3585.49,741.92,133.52
section\monster\monster_daozei\monster_daozei.gim,6,Prop,3764.86,375.88,204.08
section\monster\monster_daozei\monster_daozei.gim,6,Prop,3692.91,442.23,203.90
section\monster\monster_tiao\monster_tiao_01.gim,6,Prop,3712.00,439.72,203.58
section\monster\monster_daozei\monster_daozei.gim,6,Prop,3933.68,476.75,133.52
section\monster\monster_tiao\monster_tiao_01.gim,6,Prop,4050.00,1642.35,133.52
section\monster\monster_daozei\monster_daozei.gim,6,Prop,4297.82,1082.55,204.03
section\monster\monster_daozei\monster_daozei.gim,6,Prop,3765.88,376.61,204.08
section\monster\monster_daozei\monster_daozei.gim,6,Prop,3692.98,443.88,203.90
section\monster\monster_tiao\monster_tiao_01.gim,6,Prop,3712.00,440.32,203.58
section\monster\monster_daozei\monster_daozei.gim,6,Prop,4500.96,631.04,134.02
section\monster\monster_daozei\monster_daozei.gim,6,Prop,3933.54,476.46,133.52
section\monster\monster_tiao\monster_tiao.gim,6,Prop,4233.23,614.97,134.02
section\monster\monster_tiao\monster_tiao.gim,6,Prop,4237.03,1350.00,133.64
section\monster\monster_tiao\monster_tiao_01.gim,6,Prop,3584.33,742.20,133.52
section\monster\monster_daozei\monster_daozei.gim,6,Prop,3766.90,377.33,204.08
section\monster\monster_daozei\monster_daozei.gim,6,Prop,3693.04,445.12,203.90
section\monster\monster_tiao\monster_tiao_01.gim,6,Prop,3712.00,440.92,203.58
section\monster\monster_daozei\monster_daozei.gim,6,Prop,3933.39,476.17,133.52
section\monster\monster_tiao\monster_tiao.gim,6,Prop,4232.96,616.12,134.02
section\monster\monster_tiao\monster_tiao.gim,6,Prop,4235.85,1350.00,133.64
section\monster\monster_tiao\monster_tiao_01.gim,6,Prop,3583.19,742.47,133.52
section\monster\monster_daozei\monster_daozei.gim,6,Prop,3767.95,378.24,204.08
section\monster\monster_daozei\monster_daozei.gim,6,Prop,4484.67,382.91,204.00
section\monster\monster_daozei\monster_daozei.gim,6,Prop,3693.12,446.80,203.89
section\monster\monster_tiao\monster_tiao_01.gim,6,Prop,3712.00,441.73,203.58
section\monster\monster_daozei\monster_daozei.gim,6,Prop,4498.51,630.96,134.02
section\monster\monster_daozei\monster_daozei.gim,6,Prop,3933.25,475.88,133.52
section\monster\monster_tiao\monster_tiao_01.gim,6,Prop,4050.00,1643.52,133.52
section\monster\monster_daozei\monster_daozei.gim,6,Prop,3767.95,378.65,204.08
section\monster\monster_daozei\monster_daozei.gim,6,Prop,4483.15,380.99,203.53
section\monster\monster_daozei\monster_daozei.gim,6,Prop,3693.17,447.63,203.89
section\monster\monster_tiao\monster_tiao_01.gim,6,Prop,3712.00,442.12,203.58
section\monster\monster_daozei\monster_daozei.gim,6,Prop,4496.01,630.89,134.02
section\monster\monster_daozei\monster_daozei.gim,6,Prop,3933.04,475.49,133.52
section\monster\monster_tiao\monster_tiao_01.gim,6,Prop,4050.00,1644.72,133.52
section\monster\monster_daozei\monster_daozei.gim,6,Prop,4298.49,1080.20,204.03
section\monster\monster_daozei\monster_daozei.gim,6,Prop,3768.10,379.81,204.08
section\monster\monster_daozei\monster_daozei.gim,6,Prop,3693.25,449.29,203.89
section\monster\monster_tiao\monster_tiao_01.gim,6,Prop,3712.00,442.92,203.58
section\monster\monster_daozei\monster_daozei.gim,6,Prop,3932.76,475.13,133.52
section\monster\monster_tiao\monster_tiao.gim,6,Prop,4232.69,617.29,134.02
section\monster\monster_tiao\monster_tiao.gim,6,Prop,4234.65,1350.00,133.64
section\monster\monster_daozei\monster_daozei.gim,6,Prop,4299.18,1077.80,204.03
section\monster\monster_tiao\monster_tiao_01.gim,6,Prop,3582.02,742.75,133.52
section\monster\monster_daozei\monster_daozei.gim,6,Prop,3768.00,380.77,204.08
section\monster\monster_daozei\monster_daozei.gim,6,Prop,4481.61,379.02,203.53
section\monster\monster_daozei\monster_daozei.gim,6,Prop,3693.33,451.00,203.89
section\monster\monster_tiao\monster_tiao_01.gim,6,Prop,3712.00,443.74,203.58
chr\player\dm65_survivor_m\dm65_survivor_m_bo\dm65_survivor_m_bo.gim,2,Player,3923.65,466.99,142.02
section\monster\monster_daozei\monster_daozei.gim,6,Prop,4493.49,630.82,134.02
section\monster\monster_daozei\monster_daozei.gim,6,Prop,3932.51,474.89,133.52
section\monster\monster_tiao\monster_tiao.gim,6,Prop,4232.42,618.47,134.02
section\monster\monster_tiao\monster_tiao.gim,6,Prop,4233.44,1350.00,133.64
section\monster\monster_tiao\monster_tiao_01.gim,6,Prop,4050.00,1645.93,133.52
section\monster\monster_daozei\monster_daozei.gim,6,Prop,4299.88,1075.37,204.03
section\monster\monster_daozei\monster_daozei.gim,6,Prop,3767.43,380.21,204.08
section\monster\monster_daozei\monster_daozei.gim,6,Prop,4480.05,377.03,203.53
section\monster\monster_daozei\monster_daozei.gim,6,Prop,3693.39,452.22,203.89
section\monster\monster_tiao\monster_tiao_01.gim,6,Prop,3712.00,444.33,203.58
chr\player\dm65_survivor_m\dm65_survivor_m_bo\dm65_survivor_m_bo.gim,2,Player,3926.12,468.87,142.02
section\monster\monster_daozei\monster_daozei.gim,6,Prop,3932.09,474.65,133.52
section\monster\monster_tiao\monster_tiao_01.gim,6,Prop,4050.00,1647.04,133.52
section\monster\monster_tiao\monster_tiao_01.gim,6,Prop,3580.84,743.04,133.52
section\monster\monster_daozei\monster_daozei.gim,6,Prop,3766.27,378.27,204.08
section\monster\monster_daozei\monster_daozei.gim,6,Prop,4478.63,375.22,203.53
section\monster\monster_daozei\monster_daozei.gim,6,Prop,3693.48,453.91,203.88
section\monster\monster_tiao\monster_tiao_01.gim,6,Prop,3712.00,445.14,203.58
chr\player\dm65_survivor_m\dm65_survivor_m_bo\dm65_survivor_m_bo.gim,2,Player,3927.23,470.77,142.02
section\monster\monster_daozei\monster_daozei.gim,6,Prop,4491.18,630.75,134.02
section\monster\monster_daozei\monster_daozei.gim,6,Prop,3932.13,474.67,133.52
section\monster\monster_tiao\monster_tiao.gim,6,Prop,4232.17,619.55,134.02
section\monster\monster_tiao\monster_tiao.gim,6,Prop,4260.69,1590.04,134.00
section\monster\monster_tiao\monster_tiao.gim,6,Prop,4232.33,1350.00,133.64
section\monster\monster_daozei\monster_daozei.gim,6,Prop,4300.52,1073.16,204.03
section\monster\monster_tiao\monster_tiao_01.gim,6,Prop,3579.77,743.30,133.52
section\monster\monster_daozei\monster_daozei.gim,6,Prop,3765.57,377.27,204.08
section\monster\monster_daozei\monster_daozei.gim,6,Prop,3693.54,455.13,203.88
section\monster\monster_tiao\monster_tiao_01.gim,6,Prop,3712.00,445.72,203.58
chr\player\dm65_survivor_m\dm65_survivor_m_bo\dm65_survivor_m_bo.gim,2,Player,3925.83,473.42,142.02
section\monster\monster_tiao\monster_tiao.gim,6,Prop,4231.86,620.84,134.02
section\monster\monster_tiao\monster_tiao.gim,6,Prop,4231.00,1350.00,133.64
section\monster\monster_daozei\monster_daozei.gim,6,Prop,4301.28,1070.49,204.03
section\monster\monster_tiao\monster_tiao_01.gim,6,Prop,3578.47,743.61,133.52
section\monster\monster_daozei\monster_daozei.gim,6,Prop,3764.64,375.96,204.08
section\monster\monster_daozei\monster_daozei.gim,6,Prop,3693.61,455.60,203.88
section\monster\monster_tiao\monster_tiao_01.gim,6,Prop,3712.00,446.49,203.58
chr\player\dm65_survivor_m\dm65_survivor_m_bo\dm65_survivor_m_bo.gim,2,Player,3925.98,475.68,142.02
section\monster\monster_daozei\monster_daozei.gim,6,Prop,4488.41,630.66,134.02
section\monster\monster_tiao\monster_tiao_01.gim,6,Prop,4050.00,1645.71,133.52
section\monster\monster_daozei\monster_daozei.gim,6,Prop,3763.92,374.94,204.08
section\monster\monster_daozei\monster_daozei.gim,6,Prop,4476.92,373.04,203.53
section\monster\monster_daozei\monster_daozei.gim,6,Prop,3693.64,453.70,203.88
section\monster\monster_tiao\monster_tiao_01.gim,6,Prop,3712.00,447.10,203.58
chr\player\dm65_survivor_m\dm65_survivor_m_bo\dm65_survivor_m_bo.gim,2,Player,3926.78,477.83,142.02
section\monster\monster_daozei\monster_daozei.gim,6,Prop,4485.98,630.59,134.02
section\monster\monster_tiao\monster_tiao_01.gim,6,Prop,4050.00,1644.54,133.52
section\monster\monster_tiao\monster_tiao_01.gim,6,Prop,3577.34,743.88,133.52
section\monster\monster_daozei\monster_daozei.gim,6,Prop,3763.20,373.92,204.08
section\monster\monster_daozei\monster_daozei.gim,6,Prop,3693.68,452.28,203.88
section\monster\monster_tiao\monster_tiao_01.gim,6,Prop,3712.00,447.70,203.58
chr\player\dm65_survivor_m\dm65_survivor_m_bo\dm65_survivor_m_bo.gim,2,Player,3927.91,480.69,142.02
section\monster\monster_tiao\monster_tiao.gim,6,Prop,4231.60,621.98,134.02
section\monster\monster_tiao\monster_tiao.gim,6,Prop,4229.84,1350.00,133.64
section\monster\monster_daozei\monster_daozei.gim,6,Prop,4301.95,1068.16,204.03
section\monster\monster_daozei\monster_daozei.gim,6,Prop,3762.23,372.56,204.08
section\monster\monster_daozei\monster_daozei.gim,6,Prop,4478.85,374.50,203.53
section\monster\monster_daozei\monster_daozei.gim,6,Prop,3693.73,450.61,203.87
section\monster\monster_tiao\monster_tiao_01.gim,6,Prop,3712.00,448.50,203.58
chr\player\dm65_survivor_m\dm65_survivor_m_bo\dm65_survivor_m_bo.gim,2,Player,3928.76,482.82,142.02
section\monster\monster_tiao\monster_tiao.gim,6,Prop,4231.32,623.18,134.02
section\monster\monster_tiao\monster_tiao.gim,6,Prop,4228.60,1350.00,133.64
section\monster\monster_tiao\monster_tiao_01.gim,6,Prop,4050.00,1643.31,133.52
section\monster\monster_daozei\monster_daozei.gim,6,Prop,3761.62,372.10,204.08
section\monster\monster_daozei\monster_daozei.gim,6,Prop,4480.91,376.05,203.53
section\monster\monster_daozei\monster_daozei.gim,6,Prop,3693.77,449.36,203.87
section\monster\monster_tiao\monster_tiao_01.gim,6,Prop,3712.00,449.10,203.58
chr\player\dm65_survivor_m\dm65_survivor_m_bo\dm65_survivor_m_bo.gim,2,Player,3929.62,484.95,142.02
section\monster\monster_daozei\monster_daozei.gim,6,Prop,4483.41,630.52,134.02
section\monster\monster_daozei\monster_daozei.gim,6,Prop,4303.72,1066.28,204.03
section\monster\monster_tiao\monster_tiao_01.gim,6,Prop,3576.14,744.17,133.52
section\monster\monster_daozei\monster_daozei.gim,6,Prop,3760.83,372.04,204.08
section\monster\monster_daozei\monster_daozei.gim,6,Prop,3693.81,448.11,203.87
section\monster\monster_tiao\monster_tiao_01.gim,6,Prop,3712.00,449.70,203.58
chr\player\dm65_survivor_m\dm65_survivor_m_bo\dm65_survivor_m_bo.gim,2,Player,3930.47,487.09,142.02
section\monster\monster_daozei\monster_daozei.gim,6,Prop,4480.97,630.44,134.02
section\monster\monster_tiao\monster_tiao.gim,6,Prop,4231.06,624.32,134.02
section\monster\monster_xiaobai\monster_xiaobai.gim,6,Prop,4829.97,933.39,204.02
section\monster\monster_tiao\monster_tiao.gim,6,Prop,4227.43,1350.00,133.64
section\monster\monster_tiao\monster_tiao_01.gim,6,Prop,4050.00,1642.14,133.52
section\monster\monster_daozei\monster_daozei.gim,6,Prop,4305.44,1064.56,204.03
section\monster\monster_daozei\monster_daozei.gim,6,Prop,3760.06,371.89,204.08
section\monster\monster_daozei\monster_daozei.gim,6,Prop,4482.85,377.52,203.53
section\monster\monster_daozei\monster_daozei.gim,6,Prop,3693.85,446.85,203.87
section\monster\monster_tiao\monster_tiao_01.gim,6,Prop,3712.00,450.30,203.58
chr\player\dm65_survivor_m\dm65_survivor_m_bo\dm65_survivor_m_bo.gim,2,Player,3931.61,489.98,142.02
section\monster\monster_tiao\monster_tiao.gim,6,Prop,4230.78,625.49,134.02
section\monster\monster_tiao\monster_tiao.gim,6,Prop,4226.23,1350.00,133.64
section\monster\monster_tiao\monster_tiao_01.gim,6,Prop,3575.00,744.45,133.52
section\monster\monster_daozei\monster_daozei.gim,6,Prop,3759.12,372.06,204.08
section\monster\monster_daozei\monster_daozei.gim,6,Prop,4484.85,379.03,203.53
section\monster\monster_daozei\monster_daozei.gim,6,Prop,3693.90,445.16,203.87
section\monster\monster_tiao\monster_tiao_01.gim,6,Prop,3712.00,451.11,203.58
chr\player\dm65_survivor_m\dm65_survivor_m_bo\dm65_survivor_m_bo.gim,2,Player,3932.13,491.39,142.02
section\monster\monster_daozei\monster_daozei.gim,6,Prop,4478.47,630.37,134.02
section\monster\monster_xiaobai\monster_xiaobai.gim,6,Prop,4829.96,934.60,204.02
section\monster\monster_tiao\monster_tiao_01.gim,6,Prop,4050.00,1640.93,133.52
section\monster\monster_daozei\monster_daozei.gim,6,Prop,4307.21,1062.79,204.03
section\monster\monster_tiao\monster_tiao_01.gim,6,Prop,3573.83,744.73,133.52
section\monster\monster_daozei\monster_daozei.gim,6,Prop,3760.25,372.82,204.08
section\monster\monster_daozei\monster_daozei.gim,6,Prop,3693.94,443.93,203.87
section\monster\monster_tiao\monster_tiao_01.gim,6,Prop,3712.00,451.71,203.58
chr\player\dm65_survivor_m\dm65_survivor_m_bo\dm65_survivor_m_bo.gim,2,Player,3932.94,493.61,142.02
section\monster\monster_xiaobai\monster_xiaobai.gim,6,Prop,4829.95,935.77,204.02
section\monster\monster_tiao\monster_tiao_01.gim,6,Prop,4050.00,1639.76,133.52
section\monster\monster_daozei\monster_daozei.gim,6,Prop,4309.56,1062.00,204.03
section\monster\monster_daozei\monster_daozei.gim,6,Prop,3761.66,373.67,204.08
section\monster\monster_daozei\monster_daozei.gim,6,Prop,4486.81,380.50,203.53
section\monster\monster_daozei\monster_daozei.gim,6,Prop,3693.98,442.66,203.86
section\monster\monster_tiao\monster_tiao_01.gim,6,Prop,3712.00,452.32,203.58
scene\model\h55_random\random01\random01_prop\rd01_prop_box03.gim,6,Prop,4086.50,595.43,133.52
chr\player\dm65_survivor_m\dm65_survivor_m_bo\dm65_survivor_m_bo.gim,2,Player,3933.90,496.39,142.02
section\monster\monster_daozei\monster_daozei.gim,6,Prop,4476.02,630.30,134.02
section\monster\monster_tiao\monster_tiao.gim,6,Prop,4225.05,1350.00,133.64
section\monster\monster_tiao\monster_tiao_01.gim,6,Prop,3572.69,745.01,133.52
section\monster\monster_daozei\monster_daozei.gim,6,Prop,3762.66,374.38,204.08
section\monster\monster_daozei\monster_daozei.gim,6,Prop,3694.02,441.43,203.86
section\monster\monster_tiao\monster_tiao_01.gim,6,Prop,3712.00,452.90,203.58
chr\player\dm65_survivor_m\dm65_survivor_m_bo\dm65_survivor_m_bo.gim,2,Player,3934.64,498.56,142.02
section\monster\monster_tiao\monster_tiao.gim,6,Prop,4223.81,1350.00,133.64
section\monster\monster_tiao\monster_tiao_01.gim,6,Prop,3571.48,745.30,133.52
section\monster\monster_daozei\monster_daozei.gim,6,Prop,3764.02,375.34,204.08
section\monster\monster_daozei\monster_daozei.gim,6,Prop,3694.08,440.65,203.86
section\monster\monster_tiao\monster_tiao_01.gim,6,Prop,3712.00,453.70,203.58
chr\player\dm65_survivor_m\dm65_survivor_m_bo\dm65_survivor_m_bo.gim,2,Player,3935.39,500.76,142.02
section\monster\monster_daozei\monster_daozei.gim,6,Prop,4473.42,630.22,134.02
section\monster\monster_xiaobai\monster_xiaobai.gim,6,Prop,4829.94,937.02,204.02
section\monster\monster_tiao\monster_tiao_01.gim,6,Prop,4050.00,1638.51,133.52
section\monster\monster_daozei\monster_daozei.gim,6,Prop,4312.05,1061.26,204.03
section\monster\monster_daozei\monster_daozei.gim,6,Prop,3765.03,376.06,204.08
section\monster\monster_daozei\monster_daozei.gim,6,Prop,4488.88,382.07,204.00
section\monster\monster_daozei\monster_daozei.gim,6,Prop,3694.15,442.49,203.86
section\monster\monster_tiao\monster_tiao_01.gim,6,Prop,3712.00,454.30,203.58
chr\player\dm65_survivor_m\dm65_survivor_m_bo\dm65_survivor_m_bo.gim,2,Player,3936.38,503.64,142.02
section\monster\monster_daozei\monster_daozei.gim,6,Prop,4471.04,630.15,134.02
section\monster\monster_xiaobai\monster_xiaobai.gim,6,Prop,4829.94,938.16,204.02
section\monster\monster_tiao\monster_tiao.gim,6,Prop,4222.66,1350.00,133.64
section\monster\monster_tiao\monster_tiao_01.gim,6,Prop,4050.00,1637.37,133.52
section\monster\monster_tiao\monster_tiao_01.gim,6,Prop,3570.37,745.57,133.52
section\monster\monster_daozei\monster_daozei.gim,6,Prop,3766.41,377.03,204.08
section\monster\monster_daozei\monster_daozei.gim,6,Prop,4490.30,383.98,204.00
section\monster\monster_daozei\monster_daozei.gim,6,Prop,3694.24,444.35,203.86
section\monster\monster_tiao\monster_tiao_01.gim,6,Prop,3712.00,455.11,203.58
chr\player\dm65_survivor_m\dm65_survivor_m_bo\dm65_survivor_m_bo.gim,2,Player,3937.41,506.55,142.02
section\monster\monster_daozei\monster_daozei.gim,6,Prop,4468.49,630.07,134.02
section\monster\monster_daozei\monster_daozei.gim,6,Prop,4314.33,1060.58,204.03
section\monster\monster_daozei\monster_daozei.gim,6,Prop,3767.46,377.78,204.08
section\monster\monster_daozei\monster_daozei.gim,6,Prop,3694.30,445.63,203.85
section\monster\monster_tiao\monster_tiao_01.gim,6,Prop,3712.00,455.73,203.58
chr\player\dm65_survivor_m\dm65_survivor_m_bo\dm65_survivor_m_bo.gim,2,Player,3938.15,508.69,142.02
section\monster\monster_xiaobai\monster_xiaobai.gim,6,Prop,4829.93,939.39,204.02
section\monster\monster_tiao\monster_tiao.gim,6,Prop,4221.44,1350.00,133.64
section\monster\monster_tiao\monster_tiao_01.gim,6,Prop,4050.00,1636.14,133.52
section\monster\monster_tiao\monster_tiao.gim,6,Prop,4290.00,1705.63,203.99
section\monster\monster_daozei\monster_daozei.gim,6,Prop,4316.79,1059.86,204.03
section\monster\monster_daozei\monster_daozei.gim,6,Prop,3767.85,378.38,204.08
section\monster\monster_daozei\monster_daozei.gim,6,Prop,4491.83,386.03,204.00
section\monster\monster_daozei\monster_daozei.gim,6,Prop,3694.37,446.86,203.85
section\monster\monster_tiao\monster_tiao_01.gim,6,Prop,3712.00,456.32,203.58
chr\player\dm65_survivor_m\dm65_survivor_m_bo\dm65_survivor_m_bo.gim,2,Player,3938.88,510.90,142.02
section\monster\monster_tiao\monster_tiao_01.gim,6,Prop,3569.17,745.85,133.52
section\monster\monster_daozei\monster_daozei.gim,6,Prop,3768.00,379.22,204.08
section\monster\monster_daozei\monster_daozei.gim,6,Prop,3694.43,448.12,203.85
section\monster\monster_tiao\monster_tiao_01.gim,6,Prop,3712.00,456.93,203.58
chr\player\dm65_survivor_m\dm65_survivor_m_bo\dm65_survivor_m_bo.gim,2,Player,3939.62,513.86,142.02
section\monster\monster_daozei\monster_daozei.gim,6,Prop,4466.00,630.00,134.02
section\monster\monster_xiaobai\monster_xiaobai.gim,6,Prop,4829.92,940.61,204.02
section\monster\monster_tiao\monster_tiao.gim,6,Prop,4220.21,1350.00,133.64
section\monster\monster_tiao\monster_tiao_01.gim,6,Prop,4050.00,1634.91,133.52
section\monster\monster_daozei\monster_daozei.gim,6,Prop,4319.24,1059.13,204.03
section\monster\monster_tiao\monster_tiao_01.gim,6,Prop,3567.98,746.14,133.52
section\monster\monster_daozei\monster_daozei.gim,6,Prop,3768.08,380.09,204.08
section\monster\monster_daozei\monster_daozei.gim,6,Prop,4493.36,388.08,204.00
section\monster\monster_daozei\monster_daozei.gim,6,Prop,3694.52,449.79,203.85
section\monster\monster_tiao\monster_tiao_01.gim,6,Prop,4053.18,390.00,203.72
section\monster\monster_tiao\monster_tiao_01.gim,6,Prop,3712.00,457.73,203.58
chr\player\dm65_survivor_m\dm65_survivor_m_bo\dm65_survivor_m_bo.gim,2,Player,3940.18,516.14,142.02
section\monster\monster_tiao\monster_tiao.gim,6,Prop,4218.99,1350.00,133.64
section\monster\monster_tiao\monster_tiao.gim,6,Prop,4290.00,1704.40,203.99
section\monster\monster_daozei\monster_daozei.gim,6,Prop,4321.67,1058.41,204.03
section\monster\monster_tiao\monster_tiao_01.gim,6,Prop,3566.80,746.43,133.52
section\monster\monster_daozei\monster_daozei.gim,6,Prop,3767.76,380.74,204.08
section\monster\monster_daozei\monster_daozei.gim,6,Prop,3694.60,451.46,203.84
section\monster\monster_tiao\monster_tiao_01.gim,6,Prop,4053.98,390.00,203.72
section\monster\monster_tiao\monster_tiao_01.gim,6,Prop,3712.00,458.53,203.58
scene\model\h55_random\random01\random01_prop\rd01_prop_vase01.gim,6,Prop,4126.61,550.73,133.74
chr\player\dm65_survivor_m\dm65_survivor_m_bo\dm65_survivor_m_bo.gim,2,Player,3941.00,519.04,142.02
section\monster\monster_xiaobai\monster_xiaobai.gim,6,Prop,4829.91,941.83,204.02
section\monster\monster_tiao\monster_tiao_01.gim,6,Prop,4050.00,1633.70,133.52
section\monster\monster_tiao\monster_tiao.gim,6,Prop,4290.00,1703.18,203.99
section\monster\monster_daozei\monster_daozei.gim,6,Prop,3766.90,379.23,204.08
section\monster\monster_daozei\monster_daozei.gim,6,Prop,3694.66,452.67,203.84
section\monster\monster_tiao\monster_tiao_01.gim,6,Prop,4054.56,390.00,203.72
section\monster\monster_tiao\monster_tiao_01.gim,6,Prop,3712.00,459.11,203.58
chr\player\dm65_survivor_m\dm65_survivor_m_bo\dm65_survivor_m_bo.gim,2,Player,3941.81,521.18,142.02
section\monster\monster_xiaobai\monster_xiaobai.gim,6,Prop,4829.90,943.04,204.02
section\monster\monster_tiao\monster_tiao.gim,6,Prop,4217.79,1350.00,133.64
section\monster\monster_tiao\monster_tiao_01.gim,6,Prop,4050.00,1632.49,133.52
section\monster\monster_tiao\monster_tiao.gim,6,Prop,4290.00,1701.97,203.99
section\monster\monster_tiao\monster_tiao_01.gim,6,Prop,3565.63,746.71,133.52
section\monster\monster_daozei\monster_daozei.gim,6,Prop,3765.88,377.70,204.08
section\monster\monster_daozei\monster_daozei.gim,6,Prop,3694.75,454.34,203.84
section\monster\monster_tiao\monster_tiao_01.gim,6,Prop,4055.37,390.00,203.72
section\monster\monster_tiao\monster_tiao_01.gim,6,Prop,3712.00,459.91,203.58
chr\player\dm65_survivor_m\dm65_survivor_m_bo\dm65_survivor_m_bo.gim,2,Player,3943.16,523.93,142.02
section\monster\monster_daozei\monster_daozei.gim,6,Prop,4324.08,1057.69,204.03
section\monster\monster_daozei\monster_daozei.gim,6,Prop,3765.16,376.69,204.08
section\monster\monster_daozei\monster_daozei.gim,6,Prop,4491.85,386.06,204.00
section\monster\monster_daozei\monster_daozei.gim,6,Prop,3694.81,455.58,203.83
section\monster\monster_tiao\monster_tiao_01.gim,6,Prop,4055.96,390.00,203.72
section\monster\monster_tiao\monster_tiao_01.gim,6,Prop,3712.00,460.51,203.58
chr\player\dm65_survivor_m\dm65_survivor_m_bo\dm65_survivor_m_bo.gim,2,Player,3944.35,525.92,142.02
section\monster\monster_xiaobai\monster_xiaobai.gim,6,Prop,4829.89,944.20,204.02
section\monster\monster_tiao\monster_tiao.gim,6,Prop,4216.62,1350.00,133.64
section\monster\monster_tiao\monster_tiao_01.gim,6,Prop,4050.00,1631.33,133.52
section\monster\monster_tiao\monster_tiao.gim,6,Prop,4290.00,1700.81,203.99
section\monster\monster_daozei\monster_daozei.gim,6,Prop,4326.40,1057.00,204.03
section\monster\monster_daozei\monster_daozei.gim,6,Prop,3764.43,375.66,204.08
section\monster\monster_daozei\monster_daozei.gim,6,Prop,4490.41,384.12,204.00
section\monster\monster_daozei\monster_daozei.gim,6,Prop,3694.86,455.23,203.83
section\monster\monster_tiao\monster_tiao_01.gim,6,Prop,4056.57,390.00,203.72
section\monster\monster_tiao\monster_tiao_01.gim,6,Prop,3712.00,461.12,203.58
chr\player\dm65_survivor_m\dm65_survivor_m_bo\dm65_survivor_m_bo.gim,2,Player,3945.69,527.77,142.02
section\monster\monster_tiao\monster_tiao_01.gim,6,Prop,3564.50,746.98,133.52
section\monster\monster_daozei\monster_daozei.gim,6,Prop,3763.71,374.64,204.08
section\monster\monster_daozei\monster_daozei.gim,6,Prop,3694.89,453.35,203.83
section\monster\monster_tiao\monster_tiao_01.gim,6,Prop,4057.17,390.00,203.72
section\monster\monster_tiao\monster_tiao_01.gim,6,Prop,3712.00,461.71,203.58
chr\player\dm65_survivor_m\dm65_survivor_m_bo\dm65_survivor_m_bo.gim,2,Player,3947.19,529.52,142.02
section\monster\monster_xiaobai\monster_xiaobai.gim,6,Prop,4829.88,945.41,204.00
section\monster\monster_tiao\monster_tiao.gim,6,Prop,4215.41,1350.00,133.64
section\monster\monster_tiao\monster_tiao_01.gim,6,Prop,4050.00,1630.12,133.52
section\monster\monster_tiao\monster_tiao.gim,6,Prop,4290.00,1699.60,203.99
section\monster\monster_daozei\monster_daozei.gim,6,Prop,4328.82,1056.28,204.03
section\monster\monster_tiao\monster_tiao_01.gim,6,Prop,3563.32,747.27,133.52
section\monster\monster_daozei\monster_daozei.gim,6,Prop,3762.99,373.62,204.08
section\monster\monster_daozei\monster_daozei.gim,6,Prop,3694.93,452.09,203.83
section\monster\monster_tiao\monster_tiao_01.gim,6,Prop,4057.77,390.00,203.72
section\monster\monster_tiao\monster_tiao_01.gim,6,Prop,3712.00,462.32,203.58
chr\player\dm65_survivor_m\dm65_survivor_m_bo\dm65_survivor_m_bo.gim,2,Player,3948.77,531.19,142.02
section\monster\monster_daozei\monster_daozei.gim,6,Prop,3762.26,372.60,204.08
section\monster\monster_daozei\monster_daozei.gim,6,Prop,4488.90,382.09,204.00
section\monster\monster_daozei\monster_daozei.gim,6,Prop,3694.97,450.84,203.83
section\monster\monster_tiao\monster_tiao_01.gim,6,Prop,4058.37,390.00,203.72
section\monster\monster_tiao\monster_tiao_01.gim,6,Prop,3712.00,462.92,203.58
chr\player\dm65_survivor_m\dm65_survivor_m_bo\dm65_survivor_m_bo.gim,2,Player,3951.32,532.72,142.02
section\monster\monster_xiaobai\monster_xiaobai.gim,6,Prop,4829.87,946.58,204.00
section\monster\monster_tiao\monster_tiao.gim,6,Prop,4214.24,1350.00,133.64
section\monster\monster_tiao\monster_tiao_01.gim,6,Prop,4050.00,1628.94,133.52
section\monster\monster_tiao\monster_tiao.gim,6,Prop,4290.00,1698.43,203.99
section\monster\monster_daozei\monster_daozei.gim,6,Prop,4331.16,1055.59,204.03
section\monster\monster_tiao\monster_tiao_01.gim,6,Prop,3562.18,747.54,133.52
section\monster\monster_daozei\monster_daozei.gim,6,Prop,3761.43,372.12,204.08
section\monster\monster_daozei\monster_daozei.gim,6,Prop,4486.46,382.09,204.00
section\monster\monster_daozei\monster_daozei.gim,6,Prop,3695.02,449.18,203.83
section\monster\monster_tiao\monster_tiao_01.gim,6,Prop,4059.17,390.00,203.72
section\monster\monster_tiao\monster_tiao_01.gim,6,Prop,3712.00,463.72,203.58
chr\player\dm65_survivor_m\dm65_survivor_m_bo\dm65_survivor_m_bo.gim,2,Player,3953.60,532.23,142.02
section\monster\monster_xiaobai\monster_xiaobai.gim,6,Prop,4829.86,947.81,204.00
section\monster\monster_tiao\monster_tiao_01.gim,6,Prop,4050.00,1627.72,133.52
section\monster\monster_daozei\monster_daozei.gim,6,Prop,4333.62,1054.86,204.03
section\monster\monster_daozei\monster_daozei.gim,6,Prop,3760.47,371.89,204.08
section\monster\monster_daozei\monster_daozei.gim,6,Prop,3695.06,447.89,203.83
section\monster\monster_tiao\monster_tiao_01.gim,6,Prop,4059.79,390.00,203.72
section\monster\monster_tiao\monster_tiao_01.gim,6,Prop,3712.00,464.33,203.58
section\prop\prop_wz_xinzhidui\prop_wz_xinzhidui.gim,6,Prop,4138.52,553.55,142.58
section\prop\prop_wz_tk\prop_wz_tk.gim,6,Prop,invalid,invalid,invalid
chr\player\dm65_survivor_m\dm65_survivor_m_bo\dm65_survivor_m_bo.gim,2,Player,3955.69,531.36,142.02
section\monster\monster_tiao\monster_tiao.gim,6,Prop,4213.01,1350.00,133.64
section\monster\monster_tiao\monster_tiao.gim,6,Prop,4290.00,1697.20,203.99
section\monster\monster_tiao\monster_tiao_01.gim,6,Prop,3560.98,747.83,133.52
section\monster\monster_daozei\monster_daozei.gim,6,Prop,3759.72,371.97,204.08
section\monster\monster_daozei\monster_daozei.gim,6,Prop,4483.90,382.09,204.00
section\monster\monster_daozei\monster_daozei.gim,6,Prop,3695.11,446.26,203.82
section\monster\monster_tiao\monster_tiao_01.gim,6,Prop,4060.57,390.00,203.72
section\monster\monster_tiao\monster_tiao_01.gim,6,Prop,3712.00,465.12,203.58
section\prop\prop_wz_tk\prop_wz_tk.gim,6,Prop,4100.35,652.85,144.71
chr\player\dm65_survivor_m\dm65_survivor_m_bo\dm65_survivor_m_bo.gim,2,Player,3958.66,530.74,142.02
section\monster\monster_tiao\monster_tiao.gim,6,Prop,4211.79,1350.00,133.64
section\monster\monster_tiao\monster_tiao.gim,6,Prop,4290.00,1695.97,203.99
section\monster\monster_daozei\monster_daozei.gim,6,Prop,3759.26,372.22,204.08
section\monster\monster_daozei\monster_daozei.gim,6,Prop,4482.37,380.05,203.53
section\monster\monster_daozei\monster_daozei.gim,6,Prop,3695.15,445.03,203.82
section\monster\monster_tiao\monster_tiao_01.gim,6,Prop,4061.16,390.00,203.72
section\monster\monster_tiao\monster_tiao_01.gim,6,Prop,3712.00,465.71,203.58
chr\player\dm65_survivor_m\dm65_survivor_m_bo\dm65_survivor_m_bo.gim,2,Player,3960.95,530.86,142.02
section\monster\monster_tiao\monster_tiao_01.gim,6,Prop,4050.00,1626.49,133.52
section\monster\monster_daozei\monster_daozei.gim,6,Prop,4336.06,1054.14,204.03
section\monster\monster_tiao\monster_tiao_01.gim,6,Prop,3559.79,748.12,133.52
section\monster\monster_daozei\monster_daozei.gim,6,Prop,3760.79,373.10,204.08
section\monster\monster_daozei\monster_daozei.gim,6,Prop,3695.19,443.78,203.82
section\monster\monster_tiao\monster_tiao_01.gim,6,Prop,4061.76,390.00,203.72
section\monster\monster_tiao\monster_tiao_01.gim,6,Prop,3712.00,466.31,203.58
chr\player\dm65_survivor_m\dm65_survivor_m_bo\dm65_survivor_m_bo.gim,2,Player,3963.18,531.43,142.02
section\monster\monster_tiao\monster_tiao_01.gim,6,Prop,4050.00,1625.30,133.52
section\monster\monster_daozei\monster_daozei.gim,6,Prop,4338.44,1053.43,204.03
section\monster\monster_tiao\monster_tiao_01.gim,6,Prop,3558.64,748.40,133.52
section\monster\monster_daozei\monster_daozei.gim,6,Prop,3761.99,373.88,204.08
section\monster\monster_daozei\monster_daozei.gim,6,Prop,3695.23,442.52,203.82
section\monster\monster_tiao\monster_tiao_01.gim,6,Prop,4062.37,390.00,203.72
section\monster\monster_tiao\monster_tiao_01.gim,6,Prop,3712.00,466.91,203.58
chr\player\dm65_survivor_m\dm65_survivor_m_bo\dm65_survivor_m_bo.gim,2,Player,3965.28,532.38,142.02
section\monster\monster_tiao\monster_tiao.gim,6,Prop,4210.60,1350.00,133.64
section\monster\monster_tiao\monster_tiao.gim,6,Prop,4290.00,1694.79,203.99
section\monster\monster_daozei\monster_daozei.gim,6,Prop,3763.01,374.61,204.08
section\monster\monster_daozei\monster_daozei.gim,6,Prop,4480.89,378.06,203.53
section\monster\monster_daozei\monster_daozei.gim,6,Prop,3695.27,441.27,203.82
section\monster\monster_tiao\monster_tiao_01.gim,6,Prop,4062.97,390.00,203.72
section\monster\monster_tiao\monster_tiao_01.gim,6,Prop,3712.00,467.51,203.58
chr\player\dm65_survivor_m\dm65_survivor_m_bo\dm65_survivor_m_bo.gim,2,Player,3967.27,533.53,142.02
section\monster\monster_tiao\monster_tiao.gim,6,Prop,4209.41,1350.00,133.64
section\monster\monster_tiao\monster_tiao.gim,6,Prop,4290.00,1693.60,203.99
section\monster\monster_daozei\monster_daozei.gim,6,Prop,3764.03,375.33,204.08
section\monster\monster_daozei\monster_daozei.gim,6,Prop,4479.42,376.08,203.53
section\monster\monster_daozei\monster_daozei.gim,6,Prop,3695.31,440.75,203.82
section\monster\monster_tiao\monster_tiao_01.gim,6,Prop,4063.57,390.00,203.72
section\monster\monster_tiao\monster_tiao_01.gim,6,Prop,3712.00,468.12,203.58
chr\player\dm65_survivor_m\dm65_survivor_m_bo\dm65_survivor_m_bo.gim,2,Player,3969.20,534.78,142.02
section\monster\monster_tiao\monster_tiao_01.gim,6,Prop,4050.00,1624.12,133.52
section\monster\monster_daozei\monster_daozei.gim,6,Prop,4340.81,1052.73,204.03
section\monster\monster_tiao\monster_tiao_01.gim,6,Prop,3557.48,748.68,133.52
section\monster\monster_daozei\monster_daozei.gim,6,Prop,3765.39,376.30,204.08
section\monster\monster_daozei\monster_daozei.gim,6,Prop,3695.40,443.13,203.81
section\monster\monster_tiao\monster_tiao_01.gim,6,Prop,4064.37,390.00,203.72
section\monster\monster_tiao\monster_tiao_01.gim,6,Prop,3712.00,468.91,203.58
chr\player\dm65_survivor_m\dm65_survivor_m_bo\dm65_survivor_m_bo.gim,2,Player,3971.79,536.42,142.02
section\monster\monster_tiao\monster_tiao.gim,6,Prop,4208.18,1350.00,133.64
section\monster\monster_tiao\monster_tiao_01.gim,6,Prop,4050.00,1622.88,133.52
section\monster\monster_tiao\monster_tiao.gim,6,Prop,4290.00,1692.37,203.99
section\monster\monster_daozei\monster_daozei.gim,6,Prop,4343.26,1052.00,204.03
section\monster\monster_tiao\monster_tiao_01.gim,6,Prop,3556.29,748.97,133.52
section\monster\monster_daozei\monster_daozei.gim,6,Prop,3766.41,377.02,204.08
section\monster\monster_daozei\monster_daozei.gim,6,Prop,3695.47,444.40,203.81
section\monster\monster_tiao\monster_tiao_01.gim,6,Prop,4064.97,390.00,203.85
section\monster\monster_tiao\monster_tiao_01.gim,6,Prop,3712.00,469.52,203.58
chr\player\dm65_survivor_m\dm65_survivor_m_bo\dm65_survivor_m_bo.gim,2,Player,3973.76,537.60,142.02
section\monster\monster_daozei\monster_daozei.gim,6,Prop,3767.43,377.75,204.08
section\monster\monster_daozei\monster_daozei.gim,6,Prop,4477.89,374.02,203.53
section\monster\monster_daozei\monster_daozei.gim,6,Prop,3695.53,445.65,203.81
section\monster\monster_tiao\monster_tiao_01.gim,6,Prop,4065.57,390.00,203.99
section\monster\monster_tiao\monster_tiao_01.gim,6,Prop,3712.00,470.12,203.58
chr\player\dm65_survivor_m\dm65_survivor_m_bo\dm65_survivor_m_bo.gim,2,Player,3976.46,539.04,142.02
section\monster\monster_tiao\monster_tiao.gim,6,Prop,4207.03,1350.00,133.64
section\monster\monster_tiao\monster_tiao_01.gim,6,Prop,4050.00,1621.74,133.52
section\monster\monster_tiao\monster_tiao.gim,6,Prop,4290.00,1691.22,203.99
section\monster\monster_daozei\monster_daozei.gim,6,Prop,4345.56,1051.32,204.03
section\monster\monster_tiao\monster_tiao_01.gim,6,Prop,3555.17,749.23,133.52
section\monster\monster_daozei\monster_daozei.gim,6,Prop,3767.91,378.58,204.08
section\monster\monster_daozei\monster_daozei.gim,6,Prop,4476.46,372.10,203.53
section\monster\monster_tiao\monster_tiao_01.gim,6,Prop,4066.37,390.00,204.00
section\monster\monster_tiao\monster_tiao_01.gim,6,Prop,3712.00,470.92,203.58
chr\player\dm65_survivor_m\dm65_survivor_m_bo\dm65_survivor_m_bo.gim,2,Player,3979.24,540.30,142.02
section\monster\monster_tiao\monster_tiao_01.gim,6,Prop,4050.00,1620.46,133.52
section\monster\monster_daozei\monster_daozei.gim,6,Prop,4348.10,1050.56,204.03
section\monster\monster_daozei\monster_daozei.gim,6,Prop,3768.12,379.75,204.08
section\monster\monster_daozei\monster_daozei.gim,6,Prop,4478.60,373.66,203.53
section\monster\monster_daozei\monster_daozei.gim,6,Prop,3695.66,448.16,203.80
section\monster\monster_tiao\monster_tiao_01.gim,6,Prop,4067.17,390.00,204.00
section\monster\monster_tiao\monster_tiao_01.gim,6,Prop,3712.00,471.72,203.58
chr\player\dm65_survivor_m\dm65_survivor_m_bo\dm65_survivor_m_bo.gim,2,Player,3979.40,540.37,142.02
section\monster\monster_tiao\monster_tiao.gim,6,Prop,4272.53,1520.79,203.99
section\monster\monster_tiao\monster_tiao.gim,6,Prop,4205.76,1350.00,133.64
section\monster\monster_tiao\monster_tiao.gim,6,Prop,4290.00,1689.95,203.99
section\monster\monster_tiao\monster_tiao_01.gim,6,Prop,3553.93,749.53,134.00
section\monster\monster_daozei\monster_daozei.gim,6,Prop,3768.03,380.29,204.08
section\monster\monster_daozei\monster_daozei.gim,6,Prop,3695.79,450.81,203.80
section\monster\monster_tiao\monster_tiao_01.gim,6,Prop,4067.77,390.00,204.00
section\monster\monster_tiao\monster_tiao_01.gim,6,Prop,3712.00,472.32,203.58
section\monster\monster_tiao\monster_tiao.gim,6,Prop,4272.04,1521.80,203.99
section\monster\monster_tiao\monster_tiao.gim,6,Prop,4204.64,1350.00,133.64
section\monster\monster_daozei\monster_daozei.gim,6,Prop,4345.86,1051.20,204.03
section\monster\monster_daozei\monster_daozei.gim,6,Prop,3767.82,380.83,204.08
section\monster\monster_tiao\monster_tiao_01.gim,6,Prop,4068.36,390.00,204.00
section\monster\monster_tiao\monster_tiao_01.gim,6,Prop,3712.00,472.91,203.58
section\monster\monster_tiao\monster_tiao_01.gim,6,Prop,4050.00,1619.35,133.52
section\monster\monster_tiao\monster_tiao.gim,6,Prop,4290.00,1688.83,203.99
section\monster\monster_daozei\monster_daozei.gim,6,Prop,3766.66,378.85,204.08
section\monster\monster_daozei\monster_daozei.gim,6,Prop,4480.49,375.03,203.53
section\monster\monster_daozei\monster_daozei.gim,6,Prop,3695.90,453.13,203.80
section\monster\monster_tiao\monster_tiao_01.gim,6,Prop,4069.16,390.00,204.00
section\monster\monster_tiao\monster_tiao_01.gim,6,Prop,3712.00,473.71,203.58
section\monster\monster_yuan\monster_yuan.gim,6,Prop,3505.31,1068.00,203.93
section\monster\monster_xiaobai\monster_xiaobai.gim,6,Prop,4570.31,1606.90,133.91
section\monster\monster_tiao\monster_tiao.gim,6,Prop,4203.40,1350.00,133.64
section\monster\monster_tiao\monster_tiao_01.gim,6,Prop,4050.00,1618.11,133.52
section\monster\monster_tiao\monster_tiao.gim,6,Prop,4290.00,1687.59,203.99
section\monster\monster_daozei\monster_daozei.gim,6,Prop,3765.95,377.85,204.08
section\monster\monster_daozei\monster_daozei.gim,6,Prop,3696.03,455.71,203.79
section\monster\monster_tiao\monster_tiao_01.gim,6,Prop,4069.33,390.00,204.00
section\monster\monster_tiao\monster_tiao_01.gim,6,Prop,3712.00,474.30,203.58
section\monster\monster_daozei\monster_daozei.gim,6,Prop,3932.44,475.15,134.00
section\monster\monster_tiao\monster_tiao.gim,6,Prop,4572.14,807.84,134.00
section\monster\monster_tiao\monster_tiao.gim,6,Prop,4271.50,1522.91,204.00
section\monster\monster_tiao\monster_tiao.gim,6,Prop,4202.23,1350.00,133.64
section\monster\monster_daozei\monster_daozei.gim,6,Prop,4343.38,1051.91,204.03
section\monster\monster_daozei\monster_daozei.gim,6,Prop,3764.97,376.46,204.08
section\monster\monster_daozei\monster_daozei.gim,6,Prop,4482.57,376.55,203.53
section\monster\monster_daozei\monster_daozei.gim,6,Prop,3696.11,453.26,203.79
section\monster\monster_tiao\monster_tiao_01.gim,6,Prop,4069.17,390.00,204.00
section\monster\monster_tiao\monster_tiao_01.gim,6,Prop,3712.00,475.12,203.58
section\monster\monster_daozei\monster_daozei.gim,6,Prop,3933.44,476.67,134.02
section\monster\monster_tiao\monster_tiao.gim,6,Prop,4570.98,808.05,134.00
section\monster\monster_yuan\monster_yuan.gim,6,Prop,3504.40,1068.00,203.93
section\monster\monster_tiao\monster_tiao.gim,6,Prop,4270.98,1523.97,204.00
section\monster\monster_xiaobai\monster_xiaobai.gim,6,Prop,4570.00,1605.72,133.91
section\monster\monster_tiao\monster_tiao_01.gim,6,Prop,4050.00,1616.93,133.52
section\monster\monster_tiao\monster_tiao.gim,6,Prop,4290.00,1686.42,203.99
section\monster\monster_daozei\monster_daozei.gim,6,Prop,4341.02,1052.58,204.03
section\monster\monster_daozei\monster_daozei.gim,6,Prop,3764.02,375.12,204.08
section\monster\monster_daozei\monster_daozei.gim,6,Prop,4484.56,377.99,203.53
section\monster\monster_tiao\monster_tiao_01.gim,6,Prop,3712.00,475.91,203.58
section\monster\monster_daozei\monster_daozei.gim,6,Prop,3934.26,477.92,134.02
section\monster\monster_yuan\monster_yuan.gim,6,Prop,3503.35,1067.35,203.93
section\monster\monster_xiaobai\monster_xiaobai.gim,6,Prop,4569.95,1604.52,133.91
section\monster\monster_tiao\monster_tiao_01.gim,6,Prop,4050.00,1615.73,133.52
section\monster\monster_tiao\monster_tiao.gim,6,Prop,4290.00,1685.21,203.99
section\monster\monster_daozei\monster_daozei.gim,6,Prop,3763.30,374.09,204.08
section\monster\monster_daozei\monster_daozei.gim,6,Prop,4486.59,379.47,203.53
section\monster\monster_tiao\monster_tiao_01.gim,6,Prop,3712.00,476.51,203.58
section\monster\monster_daozei\monster_daozei.gim,6,Prop,3935.08,479.17,134.02
section\monster\monster_tiao\monster_tiao.gim,6,Prop,4569.79,808.26,134.00
section\monster\monster_tiao\monster_tiao.gim,6,Prop,4270.45,1525.05,204.00
section\monster\monster_tiao\monster_tiao.gim,6,Prop,4201.02,1350.00,133.64
section\monster\monster_tiao\monster_tiao_01.gim,6,Prop,4980.00,510.00,134.00
section\monster\monster_daozei\monster_daozei.gim,6,Prop,4338.61,1053.27,204.03
section\monster\monster_daozei\monster_daozei.gim,6,Prop,3762.58,373.07,204.08
section\monster\monster_daozei\monster_daozei.gim,6,Prop,3696.19,450.75,203.79
section\monster\monster_tiao\monster_tiao_01.gim,6,Prop,3712.00,477.11,203.58
