classname,faction,subtype,posX,posY,posZ
scene\model\h55_random\random01\random01_prop\rd01_prop_book01.gim,6,Prop,-461.00,-10.00,-8.50
chr\player\dm65_survivor_m\dm65_survivor_m_bo\dm65_survivor_m_bo.gim,2,Player,4232.32,198.55,72.01
scene\model\h55_random\random01\random01_in\rd01_in_woodplane01.gim,6,Prop,4320.82,619.61,63.51
scene\model\h55_random\random01\random01_in\rd01_in_woodplane01.gim,6,Prop,4265.26,604.02,63.51
scene\model\h55_random\random01\random01_in\random01_in_piano01.gim,6,Prop,4983.55,780.64,67.42
scene\model\h55_random\random01\random01_in\rd01_in_woodplane01.gim,6,Prop,4022.61,913.65,63.51
scene\model\h55_random\random01\random01_in\rd01_in_woodplane01.gim,6,Prop,4697.79,645.69,63.51
scene\model\h55_random\random_start\rd_start_door01.gim,4,Prop,-523.88,-3442.87,-8.48
scene\model\h55_random\random01\random01_out\rd01_outdoor_door05.gim,6,Prop,-471.00,60.20,-3.50
scene\model\h55_random\random01\random01_prop\rd01_prop_door04.gim,6,Prop,3990.00,840.00,63.50
scene\model\h55_random\random01\random01_prop\rd01_prop_door04.gim,6,Prop,4590.00,1080.00,63.50
scene\model\h55_random\random01\random01_prop\rd01_prop_door04.gim,6,Prop,3750.00,960.00,63.50
section\prop\prop_musicbox\prop_musicbox.gim,6,Prop,4287.87,1343.27,90.81
scene\model\h55_random\random01\random01_in\rd01_core_l_01_door01.gim,6,Prop,4290.00,1440.00,63.51
scene\model\h55_random\random01\random01_prop\rd01_prop_dici02a.gim,6,Prop,invalid,invalid,invalid
scene\model\h55_random\random01\random01_prop\rd01_prop_dici02.gim,6,Prop,4830.90,871.45,63.51
chr\boss\butcher\dm65_butcher_ll\trap.gim,6,Prop,4390.48,210.64,63.31
chr\boss\butcher\dm65_butcher_ll\trap.gim,6,Prop,4589.36,370.48,63.31
scene\model\h55_random\random_start\ab_start_book\book06.gim,3,Unknown,-548.48,-3496.26,20.21
scene\model\h55_random\random_start\ab_start_book\book08.gim,3,Unknown,-546.41,-3493.78,40.84
scene\model\h55_random\random_start\rd_start_book02.gim,4,Prop,-544.85,-3424.22,6.74
scene\model\h55_random\random_start\ab_start_book\book08.gim,3,Unknown,-542.13,-3426.33,19.53
scene\model\h55_random\random_start\ab_start_book\book06.gim,3,Unknown,-535.83,-3444.19,27.02
scene\model\h55_random\random_start\ab_start_book\book07.gim,3,Unknown,-530.97,-3462.34,34.96
scene\model\h55_random\random_start\ab_start_book\book07.gim,3,Unknown,-530.88,-3468.55,40.29
scene\model\h55_random\random_start\ab_start_book\book08.gim,3,Unknown,-515.66,-3500.49,46.52
scene\model\h55_random\random_start\ab_start_book\book08.gim,3,Unknown,-508.32,-3436.36,49.84
scene\model\h55_random\random01\random01_in\rd01_in_pianochair01.gim,6,Prop,3949.95,450.06,63.34
scene\model\h55_random\random01\random01_in\rd01_in_pianochair01.gim,6,Prop,4610.32,161.38,63.47
scene\model\h55_random\random01\random01_in\rd01_in_pianochair01.gim,6,Prop,4190.32,761.38,63.47
scene\model\h55_random\random01\random01_in\rd01_in_pianochair01.gim,6,Prop,4009.40,1061.51,63.34
section\monster\monster_miaosha\monster_miaosha_chair.gim,6,Prop,4434.92,846.40,63.51
section\monster\monster_miaosha\monster_miaosha_chair.gim,6,Prop,4339.55,1335.29,63.51
scene\model\h55_coa4wardrobe\h55_coa4_curtain01.gim,4,Prop,invalid,invalid,invalid
section\monster\monster_daozei\monster_daozei.gim,6,Prop,3891.15,420.50,64.01
section\monster\monster_muchao\monster_muchao.gim,6,Prop,4214.29,573.45,63.51
section\monster\monster_daozei\monster_daozei.gim,6,Prop,4204.94,829.44,63.56
section\monster\monster_daozei\monster_daozei.gim,6,Prop,3810.00,914.68,64.01
section\monster\monster_tiao\monster_tiao.gim,6,Prop,3752.54,884.00,64.01
section\monster\monster_miaosha\monster_miaosha.gim,6,Prop,4338.97,1335.36,63.54
section\monster\monster_miaosha\monster_miaosha_bs.gim,6,Prop,invalid,invalid,invalid
section\monster\monster_daozei\monster_daozei.gim,6,Prop,4318.03,1400.98,63.54
section\monster\monster_daozei\monster_daozei.gim,6,Prop,4192.00,1218.34,64.01
section\monster\monster_xiaobai\monster_xiaobai.gim,6,Prop,3870.00,1161.40,64.01
section\monster\monster_tiao\monster_tiao.gim,6,Prop,4170.00,1269.46,64.00
section\prop\mj_yijia\mj_yijia.gim,6,Prop,4260.21,204.68,63.50
section\monster\monster_daozei\monster_daozei.gim,6,Prop,3892.12,418.18,64.01
section\monster\monster_daozei\monster_daozei.gim,6,Prop,4205.97,831.73,63.56
section\monster\monster_daozei\monster_daozei.gim,6,Prop,3810.00,912.17,64.01
section\monster\monster_tiao\monster_tiao.gim,6,Prop,3752.54,885.21,64.01
section\monster\monster_daozei\monster_daozei.gim,6,Prop,4192.00,1217.51,64.01
section\monster\monster_daozei\monster_daozei.gim,6,Prop,3894.21,419.94,64.01
section\monster\monster_daozei\monster_daozei.gim,6,Prop,4207.10,834.23,63.56
section\monster\monster_daozei\monster_daozei.gim,6,Prop,3810.00,909.43,64.01
section\monster\monster_tiao\monster_tiao.gim,6,Prop,3752.54,886.52,64.01
section\monster\monster_daozei\monster_daozei.gim,6,Prop,4192.00,1216.61,64.01
section\monster\monster_daozei\monster_daozei.gim,6,Prop,3895.90,421.36,64.01
section\monster\monster_daozei\monster_daozei.gim,6,Prop,4192.00,1215.47,64.01
section\monster\monster_daozei\monster_daozei.gim,6,Prop,4208.00,836.24,63.56
section\monster\monster_daozei\monster_daozei.gim,6,Prop,3810.00,907.23,64.01
section\monster\monster_tiao\monster_tiao.gim,6,Prop,3752.54,887.58,64.01
section\monster\monster_daozei\monster_daozei.gim,6,Prop,3897.53,419.42,64.01
section\monster\monster_daozei\monster_daozei.gim,6,Prop,4192.00,1214.16,64.01
section\monster\monster_daozei\monster_daozei.gim,6,Prop,4209.04,838.54,63.56
section\monster\monster_daozei\monster_daozei.gim,6,Prop,3810.00,904.70,64.01
section\monster\monster_tiao\monster_tiao.gim,6,Prop,3752.54,888.80,64.01
section\monster\monster_daozei\monster_daozei.gim,6,Prop,3899.35,421.14,64.01
section\monster\monster_daozei\monster_daozei.gim,6,Prop,4210.07,840.83,63.56
section\monster\monster_daozei\monster_daozei.gim,6,Prop,3810.00,902.20,64.01
section\monster\monster_tiao\monster_tiao.gim,6,Prop,3752.54,890.00,64.01
section\monster\monster_daozei\monster_daozei.gim,6,Prop,4192.00,1212.87,64.01
section\monster\monster_daozei\monster_daozei.gim,6,Prop,3901.11,419.04,64.01
section\monster\monster_daozei\monster_daozei.gim,6,Prop,4211.19,843.32,63.56
section\monster\monster_daozei\monster_daozei.gim,6,Prop,3810.00,899.46,64.01
section\monster\monster_tiao\monster_tiao.gim,6,Prop,3752.54,891.31,64.01
section\monster\monster_daozei\monster_daozei.gim,6,Prop,4192.00,1211.45,64.01
section\monster\monster_daozei\monster_daozei.gim,6,Prop,3902.85,420.90,64.01
section\monster\monster_daozei\monster_daozei.gim,6,Prop,4192.00,1210.13,64.01
